INFO - Cargamos la escena LoginView.fxml
INFO - Has iniciado sesión en la aplicación
INFO - Cargamos la escena MainView.fxml
ERROR - https://t3.gstatic.com/faviconV2?client=SOCIAL&type=FAVICON&fallback_opts=TYPE,SIZE,URL&url=https://tw-chicago.com/&size=50
ERROR - https://t3.gstatic.com/faviconV2?client=SOCIAL&type=FAVICON&fallback_opts=TYPE,SIZE,URL&url=https://tw-chicago.com/&size=50
INFO - Insertamos la cuenta de Twitch, Zaidanxp en la base de datos
INFO - Registramos una nueva contraseña
INFO - Insertamos la cuenta Zaidanxp en la base de datos
INFO - Lanzamos una alerta
INFO - La cuenta personal 1 ha sido removida
INFO - La cuenta personal 1 ha sido removida
INFO - Lanzamos una alerta
INFO - La cuenta personal 1 ha sido removida
INFO - La cuenta personal 1 ha sido removida
INFO - Lanzamos una alerta
INFO - La cuenta personal 1 ha sido removida
INFO - Eliminamos la contraseña 2 de la base de datos
INFO - Vamos a borrar la cuenta de Twitch con el nombre Zaidanxp de la aplicación
INFO - Borramos la cuenta 1 de la base de datos
INFO - La papelera ha sido vaciada
INFO - Nueva contraseña generada: 
INFO - Nueva contraseña generada: l+(MbQuIJZkflJhkhOx
INFO - Nueva contraseña generada: $42GXma4TSseoCV8fC3
INFO - El usuario ha copiado la contraseña $42GXma4TSseoCV8fC3
INFO - La contraseña ha sido copiada
INFO - Lanzamos una alerta
INFO - Lanzamos una alerta
INFO - Actualizamos la contraseña
INFO - La contraseña del usuario 1 ha sido cambiada
INFO - La sesión del usuario1 ha sido cerrada
INFO - Cargamos la escena LoginView.fxml
INFO - Has iniciado sesión en la aplicación
INFO - Cargamos la escena MainView.fxml
INFO - Lanzamos una alerta
INFO - Eliminamos la contraseña 1 de la base de datos
INFO - Eliminar el usuario 1 de la aplicación
INFO - La sesión del usuario1 ha sido cerrada
INFO - Cargamos la escena LoginView.fxml
